2020-05-19 11:12:47  === encryption: abdb07255631a7fb5abe790de138bf0bd4f7c4977decd6713409a48ee53df64f
2020-05-19 11:12:48  === decryption: Test Testov
2020-05-19 11:57:14  === encryption: c9eae8fd3d041225cc863bcef603a1c54b0197309292c4b3d792ecd575a0d997
2020-05-19 11:57:14  === decryption: Test Testov
2020-05-19 11:59:12  === encryption: 857155761270f88eb1a5a75c76fe7698e39541cd5789f34446e6b0e1aae477cf
2020-05-19 11:59:12  === decryption: Test Testov
2020-05-19 12:09:31  === encryption: ae0db959914654bb868a0ca8a31d1b16e5ec07bdef0c67db9519fd031b9c6677
2020-05-19 12:09:31  === decryption: Test Testov
2020-05-19 12:11:06  === encryption: dd33eb5ea61410c40fb69ff488d94b7ca664bd4de50a00fa77f96397c029515d
2020-05-19 12:11:06  === decryption: Test Testov
2020-05-19 12:13:06  === encryption: c672eb8547878d113aa0a68d89a87fdc9e0bdec967599393290476a3a7c023c8
2020-05-19 12:13:06  === decryption: Test Testov
2020-05-19 12:17:03  === encryption: 6ffa25dc3dace5754f5f1c891d3e7edf4f18c7e80d2ff43b2d3f15a24a5d65c9
2020-05-19 12:17:03  === decryption: Test Testov
2020-05-19 12:20:16  === encryption: 6c91a5f5515eb85a3e8e0fbd0e2e90150309107832ade2e372b01ba71c3cc7be
2020-05-19 12:20:16  === decryption: Test Testov
2020-05-19 12:22:18  === encryption: 548c7d2b6cabca56a265eaecfdae04bae1b408ed6696c3f6d4051e38540d4430
2020-05-19 12:22:18  === decryption: Test Testov
2020-05-19 12:23:03  === encryption: 19a9b636bde25478463f58a4781bf4eeaaf3ddb9fd307439c87fe6911c294ea3
2020-05-19 12:23:03  === decryption: Test Testov
2020-05-19 12:51:35  === encryption: 24317c8c7031060b3b3aec768c913845a7b9db9139371f3a191b81a6d7cdd850
2020-05-19 12:51:35  === decryption: Test Testov
2020-05-19 12:56:23  === encryption: 18e1ca612218b16fc94aaac6f6ca3e3b864e4d3ac5449955d684006fb53db430
2020-05-19 12:56:23  === decryption: Test Testov
2020-05-19 13:22:45  === encryption: 7f65d752d9c14edf7d7db509a224a00fe008c3882b9efc52eca0b1b10fcd7088
2020-05-19 13:22:45  === decryption: Test Testov
2020-05-19 13:24:07  === encryption: 1ac0d94c887d39b2f92431cebdeea5fdfac067ae21091255b1ca3fa24cfc86a5
2020-05-19 13:24:07  === decryption: Test Testov
2020-05-19 13:28:20 TestRestController === encryption: null
2020-05-19 13:28:20 TestRestController === decryption: null
2020-05-19 13:44:39 TestRestController === encryption: null
2020-05-19 13:44:39 TestRestController === decryption: null
2020-05-19 13:45:29 TestRestController === encryption: b39d9673269244223609ebed7e86afff720e3776ca75ca6adb27180f1ded55b5
2020-05-19 13:45:29 TestRestController === decryption: Test Testov
2020-05-19 13:48:04 TestRestController === encryption: 4ab94bbc1f7206f6173fb9a25654aea31f834a0d3d5eb293b5ebc60cf44be4d5
2020-05-19 13:48:04 TestRestController === decryption: Test Testov
2020-05-19 14:55:55 TestRestController === encryption: 2a2c83bc6b84414b09abd8af782df094286fe6774bd325e73eab1107f5dadc0f
2020-05-19 14:55:55 TestRestController === decryption: Test Testov
2020-05-19 14:58:09 TestRestController === encryption: f3da672f57f99d609132d7990ad52a2fb0af3b440c284de62a2352eaa182c52a
2020-05-19 14:58:09 TestRestController === decryption: Test Testov
2020-05-19 15:00:20 TestRestController === encryption: 07082942c89974ac8ab4b933e11d293abe7ba3bc773203175c18e935cc9319e4
2020-05-19 15:00:20 TestRestController === decryption: Test Testov
2020-05-19 15:11:26 TestRestController === encryption: 8d371d0b7bf1007ad98c91a0c1ec04ff8a79f26f6df0bd45c56fdba8d38e103c
2020-05-19 15:11:26 TestRestController === decryption: Test Testov
2020-05-19 15:14:43 TestRestController === encryption: 6d81ff9742ea513c80c3b7601c62ffd7c42b03e645b9dc95ae439c74ec87558e
2020-05-19 15:14:43 TestRestController === decryption: Test Testov
2020-05-19 16:19:35 TestRestController === encryption: f1734f1c7dedb0b0e4970b6e9ccde8138b85d97855631ff558b42c29d1042aa1
2020-05-19 16:19:35 TestRestController === decryption: Test Testov
2020-05-19 16:23:53 TestRestController === encryption: b85506f65e7055ed45542307af44ba1cf09d153319f33b9d8685abc7f06e93c2
2020-05-19 16:23:54 TestRestController === decryption: Test Testov
2020-05-19 16:25:54 TestRestController === encryption: f0276eb3d29b1dd977ed4240b447f8ace3b9b28cdc77ae36488fdd188f0f1b34
2020-05-19 16:25:54 TestRestController === decryption: Test Testov
2020-05-19 16:29:16 TestRestController === encryption: c5dcf6825ee442918e124f7e8651f18a9d2afb644b727dfdd54b22a0f5c3d10d
2020-05-19 16:29:16 TestRestController === decryption: Test Testov
2020-05-19 16:31:27 TestRestController === encryption: 87cb10c742038f54965e48de518e14da935364fd4083b0890a97f249fa765c77
2020-05-19 16:31:27 TestRestController === decryption: Test Testov
2020-05-19 16:47:34 TestRestController === encryption: 981d61106ee44d97db2128238f72b77ec48c387295ba112e8720bdb3c4630e22
2020-05-19 16:47:34 TestRestController === decryption: Test Testov
2020-05-19 18:50:35 TestRestController === encryption: c52e8074df0c4c4752e0f809d6b8622a9549572610624d56a806793206a5f6d3
2020-05-19 18:50:35 TestRestController === decryption: Test Testov
2020-05-19 19:52:31 TestRestController === encryption: 20564a9b74431cc2fd526153b7cd6c2251d652a1f0a919fe069c1c9f6a564adb
2020-05-19 19:52:31 TestRestController === decryption: Test Testov
2020-05-19 20:03:45 TestRestController === encryption: a745e1b1c28c242ad475e4446cc14c7d5bfc49957db519fed755a9d86c42e7e5
2020-05-19 20:03:45 TestRestController === decryption: Test Testov
2020-05-19 20:12:01 TestRestController === encryption: e11f897de7afac0b4ddef2fa3467c9f3b47fce9b0a59214ed260a7b0ee870d94
2020-05-19 20:12:01 TestRestController === decryption: Test Testov
2020-05-19 20:24:48 TestRestController === encryption: 5ef9a46827f6ab4a39ebfdc44c3e9e8efa7181cc570cf71764308e0d531e900a
2020-05-19 20:24:48 TestRestController === decryption: Test Testov
2020-05-19 20:25:30 TestRestController === encryption: 3584cb6bdec4c15e231b422b5e20454aa280bc992ff0555828478591869d697b
2020-05-19 20:25:30 TestRestController === decryption: Test Testov
2020-05-19 20:26:02 TestRestController === encryption: 12af6b8d58ff748a62b3ab056c4e4f95b595859bfa0266d794159a82a6957f48
2020-05-19 20:26:02 TestRestController === decryption: Test Testov
2020-05-19 20:26:48 TestRestController === encryption: fb3cba92abfa4853491cadc2af8f6d1672348469fc35b26a971fd5b3e4b0b6b9
2020-05-19 20:26:48 TestRestController === decryption: Test Testov
2020-05-19 20:31:54 TestRestController === encryption: f9fadcd2994ecb450732342308400ac1cafea1e485a42923b000fea9cf24063c
2020-05-19 20:31:54 TestRestController === decryption: Test Testov
2020-05-19 20:32:15 TestRestController === encryption: ea8a39f6053ac90b75f096af590280e60333fe795211c916a60c353d6f2689a1
2020-05-19 20:32:15 TestRestController === decryption: Test Testov
